CREATE TABLE
Timing is on.
INSERT 0 1000000
Time: 1229,833 ms (00:01,230)
                                                                                                                                                                                                                                                                                                                                                                        QUERY PLAN                                                                                                                                                                                                                                                                                                                                                                         
-----------------------------------------------------------------------------------------------------------------------------------------------------------------------------------------------------------------------------------------------------------------------------------------------------------------------------------------------------------------------------------------------------------------------------------------------------------------------------------------------------------------------------------------------------------------------------------------------------------------------------------------------------------------------------------------------------------------------------------------------------------
 Gather  (cost=1000.00..16694.39 rows=1 width=100) (actual time=56.880..60.063 rows=0 loops=1)
   Output: c1, c2, c3, c4, c5, c6, c7, c8, c9, c10, c11, c12, c13, c14, c15, c16, c17, c18, c19, c20, c21, c22, c23, c24, c25
   Workers Planned: 2
   Workers Launched: 2
   Buffers: shared hit=5406
   ->  Parallel Seq Scan on public.column_25  (cost=0.00..15694.29 rows=1 width=100) (actual time=54.612..54.613 rows=0 loops=3)
         Output: c1, c2, c3, c4, c5, c6, c7, c8, c9, c10, c11, c12, c13, c14, c15, c16, c17, c18, c19, c20, c21, c22, c23, c24, c25
         Filter: ((column_25.c1 = 457946) AND (column_25.c2 = 457946) AND (column_25.c3 = 457946) AND (column_25.c4 = 457946) AND (column_25.c5 = 457946) AND (column_25.c6 = 457946) AND (column_25.c7 = 457946) AND (column_25.c8 = 457946) AND (column_25.c9 = 457946) AND (column_25.c10 = 457946) AND (column_25.c11 = 457946) AND (column_25.c12 = 457946) AND (column_25.c13 = 457946) AND (column_25.c14 = 457946) AND (column_25.c15 = 457946) AND (column_25.c16 = 457946) AND (column_25.c17 = 457946) AND (column_25.c18 = 457946) AND (column_25.c19 = 457946) AND (column_25.c20 = 457946) AND (column_25.c21 = 457946) AND (column_25.c22 = 457946) AND (column_25.c23 = 457946) AND (column_25.c24 = 457946) AND (column_25.c25 = 457946))
         Rows Removed by Filter: 333333
         Buffers: shared hit=5406
         Worker 0:  actual time=53.649..53.650 rows=0 loops=1
           Buffers: shared hit=1747
         Worker 1:  actual time=53.725..53.726 rows=0 loops=1
           Buffers: shared hit=1747
 Planning:
   Buffers: shared hit=78
 Planning Time: 0.249 ms
 Execution Time: 60.088 ms
(18 rows)

Time: 60,839 ms
CREATE INDEX
Time: 991,905 ms
 pg_size_pretty 
----------------
 42 MB
(1 row)

Time: 0,370 ms
 pg_size_pretty 
----------------
 30 MB
(1 row)

Time: 0,255 ms
DROP INDEX
Time: 5,173 ms
DROP TABLE
Time: 8,832 ms
