CREATE TABLE
Timing is on.
INSERT 0 1000000
Time: 1850,430 ms (00:01,850)
                                                                                                                                                                            QUERY PLAN                                                                                                                                                                            
------------------------------------------------------------------------------------------------------------------------------------------------------------------------------------------------------------------------------------------------------------------------------------------------------------------------------------------------------------------
 Gather  (cost=1000.00..16046.80 rows=1 width=48) (actual time=44.721..47.736 rows=0 loops=1)
   Output: c1, c2, c3, c4, c5, c6, c7, c8, c9, c10, c11, c12
   Workers Planned: 2
   Workers Launched: 2
   Buffers: shared hit=5406
   ->  Parallel Seq Scan on public.column_12  (cost=0.00..15046.70 rows=1 width=48) (actual time=42.432..42.433 rows=0 loops=3)
         Output: c1, c2, c3, c4, c5, c6, c7, c8, c9, c10, c11, c12
         Filter: ((column_12.c1 = 457946) AND (column_12.c2 = 457946) AND (column_12.c3 = 457946) AND (column_12.c4 = 457946) AND (column_12.c5 = 457946) AND (column_12.c6 = 457946) AND (column_12.c7 = 457946) AND (column_12.c8 = 457946) AND (column_12.c9 = 457946) AND (column_12.c10 = 457946) AND (column_12.c11 = 457946) AND (column_12.c12 = 457946))
         Rows Removed by Filter: 333333
         Buffers: shared hit=5406
         Worker 0:  actual time=41.491..41.493 rows=0 loops=1
           Buffers: shared hit=1732
         Worker 1:  actual time=41.527..41.528 rows=0 loops=1
           Buffers: shared hit=1735
 Planning:
   Buffers: shared hit=52
 Planning Time: 0.194 ms
 Execution Time: 47.755 ms
(18 rows)

Time: 48,379 ms
CREATE INDEX
Time: 844,766 ms
 pg_size_pretty 
----------------
 42 MB
(1 row)

Time: 0,330 ms
 pg_size_pretty 
----------------
 30 MB
(1 row)

Time: 0,154 ms
DROP INDEX
Time: 5,059 ms
DROP TABLE
Time: 8,507 ms
