CREATE TABLE
Timing is on.
INSERT 0 1000000
Time: 1125,790 ms (00:01,126)
                                                                                                                                                             QUERY PLAN                                                                                                                                                              
-------------------------------------------------------------------------------------------------------------------------------------------------------------------------------------------------------------------------------------------------------------------------------------------------------------------------------------
 Gather  (cost=1000.00..15951.07 rows=1 width=44) (actual time=43.592..46.403 rows=0 loops=1)
   Output: c1, c2, c3, c4, c5, c6, c7, c8, c9, c10, c11
   Workers Planned: 2
   Workers Launched: 2
   Buffers: shared hit=5406
   ->  Parallel Seq Scan on public.column_11  (cost=0.00..14950.97 rows=1 width=44) (actual time=41.389..41.389 rows=0 loops=3)
         Output: c1, c2, c3, c4, c5, c6, c7, c8, c9, c10, c11
         Filter: ((column_11.c1 = 457946) AND (column_11.c2 = 457946) AND (column_11.c3 = 457946) AND (column_11.c4 = 457946) AND (column_11.c5 = 457946) AND (column_11.c6 = 457946) AND (column_11.c7 = 457946) AND (column_11.c8 = 457946) AND (column_11.c9 = 457946) AND (column_11.c10 = 457946) AND (column_11.c11 = 457946))
         Rows Removed by Filter: 333333
         Buffers: shared hit=5406
         Worker 0:  actual time=40.475..40.476 rows=0 loops=1
           Buffers: shared hit=1724
         Worker 1:  actual time=40.498..40.498 rows=0 loops=1
           Buffers: shared hit=1728
 Planning:
   Buffers: shared hit=50
 Planning Time: 0.189 ms
 Execution Time: 46.424 ms
(18 rows)

Time: 46,997 ms
CREATE INDEX
Time: 915,189 ms
 pg_size_pretty 
----------------
 42 MB
(1 row)

Time: 0,354 ms
 pg_size_pretty 
----------------
 30 MB
(1 row)

Time: 0,221 ms
DROP INDEX
Time: 17,309 ms
DROP TABLE
Time: 15,473 ms
