CREATE TABLE
Timing is on.
INSERT 0 1000000
Time: 1099,120 ms (00:01,099)
                                                                                                                            QUERY PLAN                                                                                                                            
------------------------------------------------------------------------------------------------------------------------------------------------------------------------------------------------------------------------------------------------------------------
 Gather  (cost=1000.00..15703.29 rows=1 width=36) (actual time=42.021..45.224 rows=0 loops=1)
   Output: c1, c2, c3, c4, c5, c6, c7, c8, c9
   Workers Planned: 2
   Workers Launched: 2
   Buffers: shared hit=5406
   ->  Parallel Seq Scan on public.column_9  (cost=0.00..14703.19 rows=1 width=36) (actual time=39.736..39.737 rows=0 loops=3)
         Output: c1, c2, c3, c4, c5, c6, c7, c8, c9
         Filter: ((column_9.c1 = 457946) AND (column_9.c2 = 457946) AND (column_9.c3 = 457946) AND (column_9.c4 = 457946) AND (column_9.c5 = 457946) AND (column_9.c6 = 457946) AND (column_9.c7 = 457946) AND (column_9.c8 = 457946) AND (column_9.c9 = 457946))
         Rows Removed by Filter: 333333
         Buffers: shared hit=5406
         Worker 0:  actual time=38.747..38.748 rows=0 loops=1
           Buffers: shared hit=1707
         Worker 1:  actual time=38.862..38.862 rows=0 loops=1
           Buffers: shared hit=1701
 Planning:
   Buffers: shared hit=46
 Planning Time: 0.169 ms
 Execution Time: 45.244 ms
(18 rows)

Time: 45,785 ms
CREATE INDEX
Time: 832,116 ms
 pg_size_pretty 
----------------
 42 MB
(1 row)

Time: 0,351 ms
 pg_size_pretty 
----------------
 30 MB
(1 row)

Time: 0,207 ms
DROP INDEX
Time: 5,072 ms
DROP TABLE
Time: 8,712 ms
