CREATE TABLE
Timing is on.
INSERT 0 1000000
Time: 1708,691 ms (00:01,709)
                                                                                                                                                                                                         QUERY PLAN                                                                                                                                                                                                         
----------------------------------------------------------------------------------------------------------------------------------------------------------------------------------------------------------------------------------------------------------------------------------------------------------------------------------------------------------------------------------------------------------------------------
 Gather  (cost=1000.00..16238.26 rows=1 width=56) (actual time=46.330..49.403 rows=0 loops=1)
   Output: c1, c2, c3, c4, c5, c6, c7, c8, c9, c10, c11, c12, c13, c14
   Workers Planned: 2
   Workers Launched: 2
   Buffers: shared hit=5406 dirtied=268
   ->  Parallel Seq Scan on public.column_14  (cost=0.00..15238.16 rows=1 width=56) (actual time=43.959..43.960 rows=0 loops=3)
         Output: c1, c2, c3, c4, c5, c6, c7, c8, c9, c10, c11, c12, c13, c14
         Filter: ((column_14.c1 = 457946) AND (column_14.c2 = 457946) AND (column_14.c3 = 457946) AND (column_14.c4 = 457946) AND (column_14.c5 = 457946) AND (column_14.c6 = 457946) AND (column_14.c7 = 457946) AND (column_14.c8 = 457946) AND (column_14.c9 = 457946) AND (column_14.c10 = 457946) AND (column_14.c11 = 457946) AND (column_14.c12 = 457946) AND (column_14.c13 = 457946) AND (column_14.c14 = 457946))
         Rows Removed by Filter: 333333
         Buffers: shared hit=5406 dirtied=268
         Worker 0:  actual time=42.983..42.984 rows=0 loops=1
           Buffers: shared hit=1736 dirtied=49
         Worker 1:  actual time=43.031..43.033 rows=0 loops=1
           Buffers: shared hit=1730 dirtied=51
 Planning:
   Buffers: shared hit=56
 Planning Time: 0.204 ms
 Execution Time: 49.424 ms
(18 rows)

Time: 50,077 ms
CREATE INDEX
Time: 874,511 ms
 pg_size_pretty 
----------------
 42 MB
(1 row)

Time: 0,370 ms
 pg_size_pretty 
----------------
 30 MB
(1 row)

Time: 0,225 ms
DROP INDEX
Time: 4,894 ms
DROP TABLE
Time: 8,301 ms
