CREATE TABLE
Timing is on.
INSERT 0 1000000
Time: 1205,178 ms (00:01,205)
                                                                                                                                                                                                                                                                                                              QUERY PLAN                                                                                                                                                                                                                                                                                                               
---------------------------------------------------------------------------------------------------------------------------------------------------------------------------------------------------------------------------------------------------------------------------------------------------------------------------------------------------------------------------------------------------------------------------------------------------------------------------------------------------------------------------------------------------------------------------------------------------------------------------------------
 Gather  (cost=1000.00..16542.35 rows=1 width=84) (actual time=55.112..58.216 rows=0 loops=1)
   Output: c1, c2, c3, c4, c5, c6, c7, c8, c9, c10, c11, c12, c13, c14, c15, c16, c17, c18, c19, c20, c21
   Workers Planned: 2
   Workers Launched: 2
   Buffers: shared hit=5406 dirtied=241
   ->  Parallel Seq Scan on public.column_21  (cost=0.00..15542.25 rows=1 width=84) (actual time=52.701..52.701 rows=0 loops=3)
         Output: c1, c2, c3, c4, c5, c6, c7, c8, c9, c10, c11, c12, c13, c14, c15, c16, c17, c18, c19, c20, c21
         Filter: ((column_21.c1 = 457946) AND (column_21.c2 = 457946) AND (column_21.c3 = 457946) AND (column_21.c4 = 457946) AND (column_21.c5 = 457946) AND (column_21.c6 = 457946) AND (column_21.c7 = 457946) AND (column_21.c8 = 457946) AND (column_21.c9 = 457946) AND (column_21.c10 = 457946) AND (column_21.c11 = 457946) AND (column_21.c12 = 457946) AND (column_21.c13 = 457946) AND (column_21.c14 = 457946) AND (column_21.c15 = 457946) AND (column_21.c16 = 457946) AND (column_21.c17 = 457946) AND (column_21.c18 = 457946) AND (column_21.c19 = 457946) AND (column_21.c20 = 457946) AND (column_21.c21 = 457946))
         Rows Removed by Filter: 333333
         Buffers: shared hit=5406 dirtied=241
         Worker 0:  actual time=51.611..51.611 rows=0 loops=1
           Buffers: shared hit=1585 dirtied=41
         Worker 1:  actual time=51.857..51.858 rows=0 loops=1
           Buffers: shared hit=1796 dirtied=50
 Planning:
   Buffers: shared hit=70
 Planning Time: 0.228 ms
 Execution Time: 58.238 ms
(18 rows)

Time: 58,902 ms
CREATE INDEX
Time: 944,172 ms
 pg_size_pretty 
----------------
 42 MB
(1 row)

Time: 0,325 ms
 pg_size_pretty 
----------------
 30 MB
(1 row)

Time: 0,240 ms
DROP INDEX
Time: 5,012 ms
DROP TABLE
Time: 8,713 ms
