CREATE TABLE
Timing is on.
INSERT 0 1000000
Time: 1238,378 ms (00:01,238)
                                                                                                                                                                                                                                                                                                                                                                                                     QUERY PLAN                                                                                                                                                                                                                                                                                                                                                                                                      
---------------------------------------------------------------------------------------------------------------------------------------------------------------------------------------------------------------------------------------------------------------------------------------------------------------------------------------------------------------------------------------------------------------------------------------------------------------------------------------------------------------------------------------------------------------------------------------------------------------------------------------------------------------------------------------------------------------------------------------------------------------------------------------------------------------------
 Gather  (cost=1000.00..16880.23 rows=1 width=108) (actual time=58.817..61.911 rows=0 loops=1)
   Output: c1, c2, c3, c4, c5, c6, c7, c8, c9, c10, c11, c12, c13, c14, c15, c16, c17, c18, c19, c20, c21, c22, c23, c24, c25, c26, c27
   Workers Planned: 2
   Workers Launched: 2
   Buffers: shared hit=5406
   ->  Parallel Seq Scan on public.column_27  (cost=0.00..15880.13 rows=1 width=108) (actual time=56.326..56.327 rows=0 loops=3)
         Output: c1, c2, c3, c4, c5, c6, c7, c8, c9, c10, c11, c12, c13, c14, c15, c16, c17, c18, c19, c20, c21, c22, c23, c24, c25, c26, c27
         Filter: ((column_27.c1 = 457946) AND (column_27.c2 = 457946) AND (column_27.c3 = 457946) AND (column_27.c4 = 457946) AND (column_27.c5 = 457946) AND (column_27.c6 = 457946) AND (column_27.c7 = 457946) AND (column_27.c8 = 457946) AND (column_27.c9 = 457946) AND (column_27.c10 = 457946) AND (column_27.c11 = 457946) AND (column_27.c12 = 457946) AND (column_27.c13 = 457946) AND (column_27.c14 = 457946) AND (column_27.c15 = 457946) AND (column_27.c16 = 457946) AND (column_27.c17 = 457946) AND (column_27.c18 = 457946) AND (column_27.c19 = 457946) AND (column_27.c20 = 457946) AND (column_27.c21 = 457946) AND (column_27.c22 = 457946) AND (column_27.c23 = 457946) AND (column_27.c24 = 457946) AND (column_27.c25 = 457946) AND (column_27.c26 = 457946) AND (column_27.c27 = 457946))
         Rows Removed by Filter: 333333
         Buffers: shared hit=5406
         Worker 0:  actual time=55.272..55.273 rows=0 loops=1
           Buffers: shared hit=1743
         Worker 1:  actual time=55.363..55.364 rows=0 loops=1
           Buffers: shared hit=1741
 Planning:
   Buffers: shared hit=82
 Planning Time: 0.307 ms
 Execution Time: 61.939 ms
(18 rows)

Time: 62,731 ms
CREATE INDEX
Time: 1018,390 ms (00:01,018)
 pg_size_pretty 
----------------
 42 MB
(1 row)

Time: 0,383 ms
 pg_size_pretty 
----------------
 30 MB
(1 row)

Time: 0,261 ms
DROP INDEX
Time: 5,223 ms
DROP TABLE
Time: 8,901 ms
