CREATE TABLE
Timing is on.
INSERT 0 1000000
Time: 1218,589 ms (00:01,219)
                                                                                                                                                                                                                                                                                                                                                          QUERY PLAN                                                                                                                                                                                                                                                                                                                                                          
------------------------------------------------------------------------------------------------------------------------------------------------------------------------------------------------------------------------------------------------------------------------------------------------------------------------------------------------------------------------------------------------------------------------------------------------------------------------------------------------------------------------------------------------------------------------------------------------------------------------------------------------------------------------------------------------------------------------------
 Gather  (cost=1000.00..16654.98 rows=1 width=96) (actual time=56.817..59.988 rows=0 loops=1)
   Output: c1, c2, c3, c4, c5, c6, c7, c8, c9, c10, c11, c12, c13, c14, c15, c16, c17, c18, c19, c20, c21, c22, c23, c24
   Workers Planned: 2
   Workers Launched: 2
   Buffers: shared hit=5406
   ->  Parallel Seq Scan on public.column_24  (cost=0.00..15654.88 rows=1 width=96) (actual time=54.398..54.399 rows=0 loops=3)
         Output: c1, c2, c3, c4, c5, c6, c7, c8, c9, c10, c11, c12, c13, c14, c15, c16, c17, c18, c19, c20, c21, c22, c23, c24
         Filter: ((column_24.c1 = 457946) AND (column_24.c2 = 457946) AND (column_24.c3 = 457946) AND (column_24.c4 = 457946) AND (column_24.c5 = 457946) AND (column_24.c6 = 457946) AND (column_24.c7 = 457946) AND (column_24.c8 = 457946) AND (column_24.c9 = 457946) AND (column_24.c10 = 457946) AND (column_24.c11 = 457946) AND (column_24.c12 = 457946) AND (column_24.c13 = 457946) AND (column_24.c14 = 457946) AND (column_24.c15 = 457946) AND (column_24.c16 = 457946) AND (column_24.c17 = 457946) AND (column_24.c18 = 457946) AND (column_24.c19 = 457946) AND (column_24.c20 = 457946) AND (column_24.c21 = 457946) AND (column_24.c22 = 457946) AND (column_24.c23 = 457946) AND (column_24.c24 = 457946))
         Rows Removed by Filter: 333333
         Buffers: shared hit=5406
         Worker 0:  actual time=53.357..53.358 rows=0 loops=1
           Buffers: shared hit=1740
         Worker 1:  actual time=53.509..53.510 rows=0 loops=1
           Buffers: shared hit=1743
 Planning:
   Buffers: shared hit=76
 Planning Time: 0.254 ms
 Execution Time: 60.014 ms
(18 rows)

Time: 60,740 ms
CREATE INDEX
Time: 1063,903 ms (00:01,064)
 pg_size_pretty 
----------------
 42 MB
(1 row)

Time: 0,342 ms
 pg_size_pretty 
----------------
 30 MB
(1 row)

Time: 0,257 ms
DROP INDEX
Time: 5,676 ms
DROP TABLE
Time: 8,126 ms
