CREATE TABLE
Timing is on.
INSERT 0 1000000
Time: 1167,321 ms (00:01,167)
                                                                                                                                                                                                                       QUERY PLAN                                                                                                                                                                                                                        
---------------------------------------------------------------------------------------------------------------------------------------------------------------------------------------------------------------------------------------------------------------------------------------------------------------------------------------------------------------------------------------------------------------------------------------------------------
 Gather  (cost=1000.00..16249.53 rows=1 width=60) (actual time=47.384..50.468 rows=0 loops=1)
   Output: c1, c2, c3, c4, c5, c6, c7, c8, c9, c10, c11, c12, c13, c14, c15
   Workers Planned: 2
   Workers Launched: 2
   Buffers: shared hit=5406
   ->  Parallel Seq Scan on public.column_15  (cost=0.00..15249.43 rows=1 width=60) (actual time=45.071..45.072 rows=0 loops=3)
         Output: c1, c2, c3, c4, c5, c6, c7, c8, c9, c10, c11, c12, c13, c14, c15
         Filter: ((column_15.c1 = 457946) AND (column_15.c2 = 457946) AND (column_15.c3 = 457946) AND (column_15.c4 = 457946) AND (column_15.c5 = 457946) AND (column_15.c6 = 457946) AND (column_15.c7 = 457946) AND (column_15.c8 = 457946) AND (column_15.c9 = 457946) AND (column_15.c10 = 457946) AND (column_15.c11 = 457946) AND (column_15.c12 = 457946) AND (column_15.c13 = 457946) AND (column_15.c14 = 457946) AND (column_15.c15 = 457946))
         Rows Removed by Filter: 333333
         Buffers: shared hit=5406
         Worker 0:  actual time=44.120..44.121 rows=0 loops=1
           Buffers: shared hit=1708
         Worker 1:  actual time=44.151..44.153 rows=0 loops=1
           Buffers: shared hit=1734
 Planning:
   Buffers: shared hit=58
 Planning Time: 0.204 ms
 Execution Time: 50.488 ms
(18 rows)

Time: 51,082 ms
CREATE INDEX
Time: 873,257 ms
 pg_size_pretty 
----------------
 42 MB
(1 row)

Time: 0,334 ms
 pg_size_pretty 
----------------
 30 MB
(1 row)

Time: 0,167 ms
DROP INDEX
Time: 5,044 ms
DROP TABLE
Time: 8,644 ms
