CREATE TABLE
Timing is on.
INSERT 0 1000000
Time: 1212,281 ms (00:01,212)
                                                                                                                                                                                                                                                                                                                             QUERY PLAN                                                                                                                                                                                                                                                                                                                             
--------------------------------------------------------------------------------------------------------------------------------------------------------------------------------------------------------------------------------------------------------------------------------------------------------------------------------------------------------------------------------------------------------------------------------------------------------------------------------------------------------------------------------------------------------------------------------------------------------------------------------------------------------------------
 Gather  (cost=1000.00..16654.98 rows=1 width=88) (actual time=72.072..75.069 rows=0 loops=1)
   Output: c1, c2, c3, c4, c5, c6, c7, c8, c9, c10, c11, c12, c13, c14, c15, c16, c17, c18, c19, c20, c21, c22
   Workers Planned: 2
   Workers Launched: 2
   Buffers: shared hit=5406
   ->  Parallel Seq Scan on public.column_22  (cost=0.00..15654.88 rows=1 width=88) (actual time=69.834..69.835 rows=0 loops=3)
         Output: c1, c2, c3, c4, c5, c6, c7, c8, c9, c10, c11, c12, c13, c14, c15, c16, c17, c18, c19, c20, c21, c22
         Filter: ((column_22.c1 = 457946) AND (column_22.c2 = 457946) AND (column_22.c3 = 457946) AND (column_22.c4 = 457946) AND (column_22.c5 = 457946) AND (column_22.c6 = 457946) AND (column_22.c7 = 457946) AND (column_22.c8 = 457946) AND (column_22.c9 = 457946) AND (column_22.c10 = 457946) AND (column_22.c11 = 457946) AND (column_22.c12 = 457946) AND (column_22.c13 = 457946) AND (column_22.c14 = 457946) AND (column_22.c15 = 457946) AND (column_22.c16 = 457946) AND (column_22.c17 = 457946) AND (column_22.c18 = 457946) AND (column_22.c19 = 457946) AND (column_22.c20 = 457946) AND (column_22.c21 = 457946) AND (column_22.c22 = 457946))
         Rows Removed by Filter: 333333
         Buffers: shared hit=5406
         Worker 0:  actual time=68.930..68.931 rows=0 loops=1
           Buffers: shared hit=2362
         Worker 1:  actual time=68.918..68.919 rows=0 loops=1
           Buffers: shared hit=1439
 Planning:
   Buffers: shared hit=72
 Planning Time: 0.241 ms
 Execution Time: 75.091 ms
(18 rows)

Time: 75,755 ms
CREATE INDEX
Time: 949,920 ms
 pg_size_pretty 
----------------
 42 MB
(1 row)

Time: 0,360 ms
 pg_size_pretty 
----------------
 30 MB
(1 row)

Time: 0,199 ms
DROP INDEX
Time: 4,947 ms
DROP TABLE
Time: 8,523 ms
