CREATE TABLE
Timing is on.
INSERT 0 1000000
Time: 1045,200 ms (00:01,045)
                                                                                                              QUERY PLAN                                                                                                               
---------------------------------------------------------------------------------------------------------------------------------------------------------------------------------------------------------------------------------------
 Gather  (cost=1000.00..12947.60 rows=1 width=32) (actual time=40.341..43.375 rows=0 loops=1)
   Output: c1, c2, c3, c4, c5, c6, c7, c8
   Workers Planned: 2
   Workers Launched: 2
   Buffers: shared hit=4425
   ->  Parallel Seq Scan on public.column_8  (cost=0.00..11947.50 rows=1 width=32) (actual time=38.036..38.037 rows=0 loops=3)
         Output: c1, c2, c3, c4, c5, c6, c7, c8
         Filter: ((column_8.c1 = 457946) AND (column_8.c2 = 457946) AND (column_8.c3 = 457946) AND (column_8.c4 = 457946) AND (column_8.c5 = 457946) AND (column_8.c6 = 457946) AND (column_8.c7 = 457946) AND (column_8.c8 = 457946))
         Rows Removed by Filter: 333333
         Buffers: shared hit=4425
         Worker 0:  actual time=37.005..37.006 rows=0 loops=1
           Buffers: shared hit=1400
         Worker 1:  actual time=37.129..37.130 rows=0 loops=1
           Buffers: shared hit=1412
 Planning:
   Buffers: shared hit=44
 Planning Time: 0.177 ms
 Execution Time: 43.397 ms
(18 rows)

Time: 43,980 ms
CREATE INDEX
Time: 824,668 ms
 pg_size_pretty 
----------------
 35 MB
(1 row)

Time: 0,332 ms
 pg_size_pretty 
----------------
 30 MB
(1 row)

Time: 0,207 ms
DROP INDEX
Time: 5,020 ms
DROP TABLE
Time: 7,349 ms
