CREATE TABLE
Timing is on.
INSERT 0 1000000
Time: 1176,885 ms (00:01,177)
CREATE INDEX
Time: 557,925 ms
                                                                                                                                                                                                                       QUERY PLAN                                                                                                                                                                                                                        
---------------------------------------------------------------------------------------------------------------------------------------------------------------------------------------------------------------------------------------------------------------------------------------------------------------------------------------------------------------------------------------------------------------------------------------------------------
 Gather  (cost=1000.00..26197.77 rows=1 width=60) (actual time=43.138..46.335 rows=0 loops=1)
   Output: c1, c2, c3, c4, c5, c6, c7, c8, c9, c10, c11, c12, c13, c14, c15
   Workers Planned: 2
   Workers Launched: 2
   Buffers: shared hit=5406
   ->  Parallel Seq Scan on public.column_15  (cost=0.00..25197.67 rows=1 width=60) (actual time=40.373..40.373 rows=0 loops=3)
         Output: c1, c2, c3, c4, c5, c6, c7, c8, c9, c10, c11, c12, c13, c14, c15
         Filter: ((column_15.c1 = 457946) AND (column_15.c2 = 457946) AND (column_15.c3 = 457946) AND (column_15.c4 = 457946) AND (column_15.c5 = 457946) AND (column_15.c6 = 457946) AND (column_15.c7 = 457946) AND (column_15.c8 = 457946) AND (column_15.c9 = 457946) AND (column_15.c10 = 457946) AND (column_15.c11 = 457946) AND (column_15.c12 = 457946) AND (column_15.c13 = 457946) AND (column_15.c14 = 457946) AND (column_15.c15 = 457946))
         Rows Removed by Filter: 333333
         Buffers: shared hit=5406
         Worker 0:  actual time=39.169..39.169 rows=0 loops=1
           Buffers: shared hit=1495
         Worker 1:  actual time=39.318..39.319 rows=0 loops=1
           Buffers: shared hit=1826
 Planning:
   Buffers: shared hit=113
 Planning Time: 0.353 ms
 Execution Time: 46.361 ms
(18 rows)

Time: 47,137 ms
 pg_size_pretty 
----------------
 42 MB
(1 row)

Time: 0,265 ms
 pg_size_pretty 
----------------
 15 MB
(1 row)

Time: 0,154 ms
DROP INDEX
Time: 4,186 ms
DROP TABLE
Time: 8,960 ms
