CREATE TABLE
Timing is on.
INSERT 0 1000000
Time: 1180,299 ms (00:01,180)
CREATE INDEX
Time: 579,514 ms
                                                                                                                                                                                                         QUERY PLAN                                                                                                                                                                                                         
----------------------------------------------------------------------------------------------------------------------------------------------------------------------------------------------------------------------------------------------------------------------------------------------------------------------------------------------------------------------------------------------------------------------------
 Gather  (cost=1000.00..25156.10 rows=1 width=56) (actual time=43.191..45.916 rows=0 loops=1)
   Output: c1, c2, c3, c4, c5, c6, c7, c8, c9, c10, c11, c12, c13, c14
   Workers Planned: 2
   Workers Launched: 2
   Buffers: shared hit=5406
   ->  Parallel Seq Scan on public.column_14  (cost=0.00..24156.00 rows=1 width=56) (actual time=40.095..40.095 rows=0 loops=3)
         Output: c1, c2, c3, c4, c5, c6, c7, c8, c9, c10, c11, c12, c13, c14
         Filter: ((column_14.c1 = 457946) AND (column_14.c2 = 457946) AND (column_14.c3 = 457946) AND (column_14.c4 = 457946) AND (column_14.c5 = 457946) AND (column_14.c6 = 457946) AND (column_14.c7 = 457946) AND (column_14.c8 = 457946) AND (column_14.c9 = 457946) AND (column_14.c10 = 457946) AND (column_14.c11 = 457946) AND (column_14.c12 = 457946) AND (column_14.c13 = 457946) AND (column_14.c14 = 457946))
         Rows Removed by Filter: 333333
         Buffers: shared hit=5406
         Worker 0:  actual time=38.874..38.874 rows=0 loops=1
           Buffers: shared hit=1843
         Worker 1:  actual time=38.808..38.808 rows=0 loops=1
           Buffers: shared hit=1825
 Planning:
   Buffers: shared hit=108
 Planning Time: 0.492 ms
 Execution Time: 45.947 ms
(18 rows)

Time: 46,932 ms
 pg_size_pretty 
----------------
 42 MB
(1 row)

Time: 0,355 ms
 pg_size_pretty 
----------------
 15 MB
(1 row)

Time: 0,143 ms
DROP INDEX
Time: 4,627 ms
DROP TABLE
Time: 8,667 ms
