CREATE TABLE
Timing is on.
INSERT 0 1000000
Time: 1203,844 ms (00:01,204)
CREATE INDEX
Time: 634,391 ms
                                                                                                                                                                                                                                                                                                QUERY PLAN                                                                                                                                                                                                                                                                                                
----------------------------------------------------------------------------------------------------------------------------------------------------------------------------------------------------------------------------------------------------------------------------------------------------------------------------------------------------------------------------------------------------------------------------------------------------------------------------------------------------------------------------------------------------------------------------------------------------------
 Gather  (cost=1000.00..31406.10 rows=1 width=80) (actual time=45.002..47.839 rows=0 loops=1)
   Output: c1, c2, c3, c4, c5, c6, c7, c8, c9, c10, c11, c12, c13, c14, c15, c16, c17, c18, c19, c20
   Workers Planned: 2
   Workers Launched: 2
   Buffers: shared hit=5406
   ->  Parallel Seq Scan on public.column_20  (cost=0.00..30406.00 rows=1 width=80) (actual time=42.544..42.545 rows=0 loops=3)
         Output: c1, c2, c3, c4, c5, c6, c7, c8, c9, c10, c11, c12, c13, c14, c15, c16, c17, c18, c19, c20
         Filter: ((column_20.c1 = 457946) AND (column_20.c2 = 457946) AND (column_20.c3 = 457946) AND (column_20.c4 = 457946) AND (column_20.c5 = 457946) AND (column_20.c6 = 457946) AND (column_20.c7 = 457946) AND (column_20.c8 = 457946) AND (column_20.c9 = 457946) AND (column_20.c10 = 457946) AND (column_20.c11 = 457946) AND (column_20.c12 = 457946) AND (column_20.c13 = 457946) AND (column_20.c14 = 457946) AND (column_20.c15 = 457946) AND (column_20.c16 = 457946) AND (column_20.c17 = 457946) AND (column_20.c18 = 457946) AND (column_20.c19 = 457946) AND (column_20.c20 = 457946))
         Rows Removed by Filter: 333333
         Buffers: shared hit=5406
         Worker 0:  actual time=41.532..41.533 rows=0 loops=1
           Buffers: shared hit=1734
         Worker 1:  actual time=41.533..41.533 rows=0 loops=1
           Buffers: shared hit=1707
 Planning:
   Buffers: shared hit=138
 Planning Time: 0.325 ms
 Execution Time: 47.866 ms
(18 rows)

Time: 48,676 ms
 pg_size_pretty 
----------------
 42 MB
(1 row)

Time: 0,247 ms
 pg_size_pretty 
----------------
 15 MB
(1 row)

Time: 0,153 ms
DROP INDEX
Time: 5,312 ms
DROP TABLE
Time: 8,442 ms
