CREATE TABLE
Timing is on.
INSERT 0 1000000
Time: 1450,292 ms (00:01,450)
CREATE INDEX
Time: 747,663 ms
                                                                                                                                                                                                                                                                                                                                                                                                                                  QUERY PLAN                                                                                                                                                                                                                                                                                                                                                                                                                                   
-------------------------------------------------------------------------------------------------------------------------------------------------------------------------------------------------------------------------------------------------------------------------------------------------------------------------------------------------------------------------------------------------------------------------------------------------------------------------------------------------------------------------------------------------------------------------------------------------------------------------------------------------------------------------------------------------------------------------------------------------------------------------------------------------------------------------------------------------------------------------------
 Gather  (cost=1000.00..40781.10 rows=1 width=116) (actual time=53.503..56.315 rows=0 loops=1)
   Output: c1, c2, c3, c4, c5, c6, c7, c8, c9, c10, c11, c12, c13, c14, c15, c16, c17, c18, c19, c20, c21, c22, c23, c24, c25, c26, c27, c28, c29
   Workers Planned: 2
   Workers Launched: 2
   Buffers: shared hit=5406
   ->  Parallel Seq Scan on public.column_29  (cost=0.00..39781.00 rows=1 width=116) (actual time=51.064..51.065 rows=0 loops=3)
         Output: c1, c2, c3, c4, c5, c6, c7, c8, c9, c10, c11, c12, c13, c14, c15, c16, c17, c18, c19, c20, c21, c22, c23, c24, c25, c26, c27, c28, c29
         Filter: ((column_29.c1 = 457946) AND (column_29.c2 = 457946) AND (column_29.c3 = 457946) AND (column_29.c4 = 457946) AND (column_29.c5 = 457946) AND (column_29.c6 = 457946) AND (column_29.c7 = 457946) AND (column_29.c8 = 457946) AND (column_29.c9 = 457946) AND (column_29.c10 = 457946) AND (column_29.c11 = 457946) AND (column_29.c12 = 457946) AND (column_29.c13 = 457946) AND (column_29.c14 = 457946) AND (column_29.c15 = 457946) AND (column_29.c16 = 457946) AND (column_29.c17 = 457946) AND (column_29.c18 = 457946) AND (column_29.c19 = 457946) AND (column_29.c20 = 457946) AND (column_29.c21 = 457946) AND (column_29.c22 = 457946) AND (column_29.c23 = 457946) AND (column_29.c24 = 457946) AND (column_29.c25 = 457946) AND (column_29.c26 = 457946) AND (column_29.c27 = 457946) AND (column_29.c28 = 457946) AND (column_29.c29 = 457946))
         Rows Removed by Filter: 333333
         Buffers: shared hit=5406
         Worker 0:  actual time=50.042..50.043 rows=0 loops=1
           Buffers: shared hit=1740
         Worker 1:  actual time=50.032..50.033 rows=0 loops=1
           Buffers: shared hit=1733
 Planning:
   Buffers: shared hit=184
 Planning Time: 0.437 ms
 Execution Time: 56.342 ms
(18 rows)

Time: 57,289 ms
 pg_size_pretty 
----------------
 42 MB
(1 row)

Time: 0,277 ms
 pg_size_pretty 
----------------
 15 MB
(1 row)

Time: 0,127 ms
DROP INDEX
Time: 5,592 ms
DROP TABLE
Time: 8,891 ms
