CREATE TABLE
Timing is on.
INSERT 0 1000000
Time: 1246,966 ms (00:01,247)
CREATE INDEX
Time: 723,350 ms
                                                                                                                                                                                                                                                                                                                                                                                       QUERY PLAN                                                                                                                                                                                                                                                                                                                                                                                       
----------------------------------------------------------------------------------------------------------------------------------------------------------------------------------------------------------------------------------------------------------------------------------------------------------------------------------------------------------------------------------------------------------------------------------------------------------------------------------------------------------------------------------------------------------------------------------------------------------------------------------------------------------------------------------------------------------------------------------------------------------------------------------------
 Gather  (cost=1000.00..37656.10 rows=1 width=104) (actual time=50.912..53.683 rows=0 loops=1)
   Output: c1, c2, c3, c4, c5, c6, c7, c8, c9, c10, c11, c12, c13, c14, c15, c16, c17, c18, c19, c20, c21, c22, c23, c24, c25, c26
   Workers Planned: 2
   Workers Launched: 2
   Buffers: shared hit=5406
   ->  Parallel Seq Scan on public.column_26  (cost=0.00..36656.00 rows=1 width=104) (actual time=48.412..48.413 rows=0 loops=3)
         Output: c1, c2, c3, c4, c5, c6, c7, c8, c9, c10, c11, c12, c13, c14, c15, c16, c17, c18, c19, c20, c21, c22, c23, c24, c25, c26
         Filter: ((column_26.c1 = 457946) AND (column_26.c2 = 457946) AND (column_26.c3 = 457946) AND (column_26.c4 = 457946) AND (column_26.c5 = 457946) AND (column_26.c6 = 457946) AND (column_26.c7 = 457946) AND (column_26.c8 = 457946) AND (column_26.c9 = 457946) AND (column_26.c10 = 457946) AND (column_26.c11 = 457946) AND (column_26.c12 = 457946) AND (column_26.c13 = 457946) AND (column_26.c14 = 457946) AND (column_26.c15 = 457946) AND (column_26.c16 = 457946) AND (column_26.c17 = 457946) AND (column_26.c18 = 457946) AND (column_26.c19 = 457946) AND (column_26.c20 = 457946) AND (column_26.c21 = 457946) AND (column_26.c22 = 457946) AND (column_26.c23 = 457946) AND (column_26.c24 = 457946) AND (column_26.c25 = 457946) AND (column_26.c26 = 457946))
         Rows Removed by Filter: 333333
         Buffers: shared hit=5406
         Worker 0:  actual time=47.396..47.397 rows=0 loops=1
           Buffers: shared hit=1714
         Worker 1:  actual time=47.387..47.388 rows=0 loops=1
           Buffers: shared hit=1740
 Planning:
   Buffers: shared hit=168
 Planning Time: 0.376 ms
 Execution Time: 53.712 ms
(18 rows)

Time: 54,510 ms
 pg_size_pretty 
----------------
 42 MB
(1 row)

Time: 0,234 ms
 pg_size_pretty 
----------------
 15 MB
(1 row)

Time: 0,114 ms
DROP INDEX
Time: 5,940 ms
DROP TABLE
Time: 9,132 ms
