CREATE TABLE
Timing is on.
INSERT 0 1000000
Time: 1160,565 ms (00:01,161)
CREATE INDEX
Time: 466,961 ms
                                                                                                                                               QUERY PLAN                                                                                                                                               
--------------------------------------------------------------------------------------------------------------------------------------------------------------------------------------------------------------------------------------------------------------------------------------------------------
 Gather  (cost=1000.00..20989.43 rows=1 width=40) (actual time=35.377..38.133 rows=0 loops=1)
   Output: c1, c2, c3, c4, c5, c6, c7, c8, c9, c10
   Workers Planned: 2
   Workers Launched: 2
   Buffers: shared hit=5406
   ->  Parallel Seq Scan on public.column_10  (cost=0.00..19989.33 rows=1 width=40) (actual time=32.947..32.947 rows=0 loops=3)
         Output: c1, c2, c3, c4, c5, c6, c7, c8, c9, c10
         Filter: ((column_10.c1 = 457946) AND (column_10.c2 = 457946) AND (column_10.c3 = 457946) AND (column_10.c4 = 457946) AND (column_10.c5 = 457946) AND (column_10.c6 = 457946) AND (column_10.c7 = 457946) AND (column_10.c8 = 457946) AND (column_10.c9 = 457946) AND (column_10.c10 = 457946))
         Rows Removed by Filter: 333333
         Buffers: shared hit=5406
         Worker 0:  actual time=31.938..31.939 rows=0 loops=1
           Buffers: shared hit=1709
         Worker 1:  actual time=31.930..31.931 rows=0 loops=1
           Buffers: shared hit=1696
 Planning:
   Buffers: shared hit=88
 Planning Time: 0.245 ms
 Execution Time: 38.155 ms
(18 rows)

Time: 38,860 ms
 pg_size_pretty 
----------------
 42 MB
(1 row)

Time: 0,270 ms
 pg_size_pretty 
----------------
 15 MB
(1 row)

Time: 0,159 ms
DROP INDEX
Time: 4,279 ms
DROP TABLE
Time: 9,176 ms
